Terminals unused in grammar

    TK_POW
    TK_PLUEQ
    TK_MINEQ
    TK_MULEQ
    TK_DIVEQ
    TK_ASSIGN
    TK_EQEQ
    TK_NOTEQ
    TK_GREEQ
    TK_LESEQ
    KW_AND
    KW_OR
    KW_NOT
    KW_FOR
    KW_BREAK
    KW_ENDCOMP
    KW_IN
    KW_CONTINUE
    KW_OF
    KW_IF
    KW_ENDFOR
    KW_ELSE
    KW_WHILE
    KW_ENDIF
    KW_ENDWHILE
    KW_COMP
    '+'
    '-'
    '*'
    '/'


Grammar

    0 $accept: program $end

    1 program: main_block
    2        | function_blocks main_block
    3        | var_declarations function_blocks main_block
    4        | const_declarations var_declarations function_blocks main_block

    5 main_block: KW_DEF KW_MAIN '(' ')' ':' KW_ENDDEF ';'
    6           | KW_DEF KW_MAIN '(' ')' ':' listofinstructions KW_ENDDEF ';'

    7 function_blocks: function_block ';'
    8                | function_blocks function_block ';'

    9 function_block: KW_DEF TK_IDENT '(' ')' ':' listofinstructions KW_ENDDEF
   10               | KW_DEF TK_IDENT '(' ')' ':' listofinstructions KW_RETURN ';' KW_ENDDEF

   11 listofinstructions: instruction ';'
   12                   | listofinstructions instruction ';'

   13 instruction: TK_IDENT '=' TK_CONSTINT

   14 const_declarations: const_declaration ';'
   15                   | const_declarations const_declaration ';'

   16 const_declaration: KW_CONST TK_IDENT '=' TK_CONSTFLOAT ':' KW_SCALAR
   17                  | KW_CONST TK_IDENT '=' TK_CONSTINT ':' KW_INTEGER
   18                  | KW_CONST TK_IDENT '=' TK_CONSTSTR ':' KW_STR
   19                  | KW_CONST TK_IDENT '=' KW_TRUE ':' KW_BOOLEAN
   20                  | KW_CONST TK_IDENT '=' KW_FALSE ':' KW_BOOLEAN

   21 var_declarations: var_declaration ';'
   22                 | var_declarations var_declaration ';'

   23 var_declaration: TK_IDENT ':' data_type

   24 data_type: KW_INTEGER
   25          | KW_SCALAR
   26          | KW_STR
   27          | KW_BOOLEAN


Terminals, with rules where they appear

    $end (0) 0
    '(' (40) 5 6 9 10
    ')' (41) 5 6 9 10
    '*' (42)
    '+' (43)
    '-' (45)
    '/' (47)
    ':' (58) 5 6 9 10 16 17 18 19 20 23
    ';' (59) 5 6 7 8 10 11 12 14 15 21 22
    '=' (61) 13 16 17 18 19 20
    error (256)
    TK_IDENT <str> (258) 9 10 13 16 17 18 19 20 23
    TK_CONSTINT <str> (259) 13 17
    TK_CONSTFLOAT <str> (260) 16
    TK_CONSTSTR <str> (261) 18
    TK_POW (262)
    TK_PLUEQ (263)
    TK_MINEQ (264)
    TK_MULEQ (265)
    TK_DIVEQ (266)
    TK_ASSIGN (267)
    TK_EQEQ (268)
    TK_NOTEQ (269)
    TK_GREEQ (270)
    TK_LESEQ (271)
    KW_AND (272)
    KW_OR (273)
    KW_NOT (274)
    KW_INTEGER (275) 17 24
    KW_FOR (276)
    KW_BREAK (277)
    KW_DEF (278) 5 6 9 10
    KW_ENDCOMP (279)
    KW_SCALAR (280) 16 25
    KW_CONST (281) 16 17 18 19 20
    KW_IN (282)
    KW_CONTINUE (283)
    KW_ENDDEF (284) 5 6 9 10
    KW_OF (285)
    KW_STR (286) 18 26
    KW_IF (287)
    KW_ENDFOR (288)
    KW_MAIN (289) 5 6
    KW_BOOLEAN (290) 19 20 27
    KW_ELSE (291)
    KW_WHILE (292)
    KW_RETURN (293) 10
    KW_ENDIF (294)
    KW_ENDWHILE (295)
    KW_COMP (296)
    KW_TRUE (297) 19
    KW_FALSE (298) 20


Nonterminals, with rules where they appear

    $accept (53)
        on left: 0
    program (54)
        on left: 1 2 3 4
        on right: 0
    main_block <str> (55)
        on left: 5 6
        on right: 1 2 3 4
    function_blocks <str> (56)
        on left: 7 8
        on right: 2 3 4 8
    function_block <str> (57)
        on left: 9 10
        on right: 7 8
    listofinstructions <str> (58)
        on left: 11 12
        on right: 6 9 10 12
    instruction <str> (59)
        on left: 13
        on right: 11 12
    const_declarations <str> (60)
        on left: 14 15
        on right: 4 15
    const_declaration <str> (61)
        on left: 16 17 18 19 20
        on right: 14 15
    var_declarations <str> (62)
        on left: 21 22
        on right: 3 4 22
    var_declaration <str> (63)
        on left: 23
        on right: 21 22
    data_type <str> (64)
        on left: 24 25 26 27
        on right: 23


State 0

    0 $accept: . program $end
    1 program: . main_block
    2        | . function_blocks main_block
    3        | . var_declarations function_blocks main_block
    4        | . const_declarations var_declarations function_blocks main_block
    5 main_block: . KW_DEF KW_MAIN '(' ')' ':' KW_ENDDEF ';'
    6           | . KW_DEF KW_MAIN '(' ')' ':' listofinstructions KW_ENDDEF ';'
    7 function_blocks: . function_block ';'
    8                | . function_blocks function_block ';'
    9 function_block: . KW_DEF TK_IDENT '(' ')' ':' listofinstructions KW_ENDDEF
   10               | . KW_DEF TK_IDENT '(' ')' ':' listofinstructions KW_RETURN ';' KW_ENDDEF
   14 const_declarations: . const_declaration ';'
   15                   | . const_declarations const_declaration ';'
   16 const_declaration: . KW_CONST TK_IDENT '=' TK_CONSTFLOAT ':' KW_SCALAR
   17                  | . KW_CONST TK_IDENT '=' TK_CONSTINT ':' KW_INTEGER
   18                  | . KW_CONST TK_IDENT '=' TK_CONSTSTR ':' KW_STR
   19                  | . KW_CONST TK_IDENT '=' KW_TRUE ':' KW_BOOLEAN
   20                  | . KW_CONST TK_IDENT '=' KW_FALSE ':' KW_BOOLEAN
   21 var_declarations: . var_declaration ';'
   22                 | . var_declarations var_declaration ';'
   23 var_declaration: . TK_IDENT ':' data_type

    TK_IDENT  shift, and go to state 1
    KW_DEF    shift, and go to state 2
    KW_CONST  shift, and go to state 3

    program             go to state 4
    main_block          go to state 5
    function_blocks     go to state 6
    function_block      go to state 7
    const_declarations  go to state 8
    const_declaration   go to state 9
    var_declarations    go to state 10
    var_declaration     go to state 11


State 1

   23 var_declaration: TK_IDENT . ':' data_type

    ':'  shift, and go to state 12


State 2

    5 main_block: KW_DEF . KW_MAIN '(' ')' ':' KW_ENDDEF ';'
    6           | KW_DEF . KW_MAIN '(' ')' ':' listofinstructions KW_ENDDEF ';'
    9 function_block: KW_DEF . TK_IDENT '(' ')' ':' listofinstructions KW_ENDDEF
   10               | KW_DEF . TK_IDENT '(' ')' ':' listofinstructions KW_RETURN ';' KW_ENDDEF

    TK_IDENT  shift, and go to state 13
    KW_MAIN   shift, and go to state 14


State 3

   16 const_declaration: KW_CONST . TK_IDENT '=' TK_CONSTFLOAT ':' KW_SCALAR
   17                  | KW_CONST . TK_IDENT '=' TK_CONSTINT ':' KW_INTEGER
   18                  | KW_CONST . TK_IDENT '=' TK_CONSTSTR ':' KW_STR
   19                  | KW_CONST . TK_IDENT '=' KW_TRUE ':' KW_BOOLEAN
   20                  | KW_CONST . TK_IDENT '=' KW_FALSE ':' KW_BOOLEAN

    TK_IDENT  shift, and go to state 15


State 4

    0 $accept: program . $end

    $end  shift, and go to state 16


State 5

    1 program: main_block .

    $default  reduce using rule 1 (program)


State 6

    2 program: function_blocks . main_block
    5 main_block: . KW_DEF KW_MAIN '(' ')' ':' KW_ENDDEF ';'
    6           | . KW_DEF KW_MAIN '(' ')' ':' listofinstructions KW_ENDDEF ';'
    8 function_blocks: function_blocks . function_block ';'
    9 function_block: . KW_DEF TK_IDENT '(' ')' ':' listofinstructions KW_ENDDEF
   10               | . KW_DEF TK_IDENT '(' ')' ':' listofinstructions KW_RETURN ';' KW_ENDDEF

    KW_DEF  shift, and go to state 2

    main_block      go to state 17
    function_block  go to state 18


State 7

    7 function_blocks: function_block . ';'

    ';'  shift, and go to state 19


State 8

    4 program: const_declarations . var_declarations function_blocks main_block
   15 const_declarations: const_declarations . const_declaration ';'
   16 const_declaration: . KW_CONST TK_IDENT '=' TK_CONSTFLOAT ':' KW_SCALAR
   17                  | . KW_CONST TK_IDENT '=' TK_CONSTINT ':' KW_INTEGER
   18                  | . KW_CONST TK_IDENT '=' TK_CONSTSTR ':' KW_STR
   19                  | . KW_CONST TK_IDENT '=' KW_TRUE ':' KW_BOOLEAN
   20                  | . KW_CONST TK_IDENT '=' KW_FALSE ':' KW_BOOLEAN
   21 var_declarations: . var_declaration ';'
   22                 | . var_declarations var_declaration ';'
   23 var_declaration: . TK_IDENT ':' data_type

    TK_IDENT  shift, and go to state 1
    KW_CONST  shift, and go to state 3

    const_declaration  go to state 20
    var_declarations   go to state 21
    var_declaration    go to state 11


State 9

   14 const_declarations: const_declaration . ';'

    ';'  shift, and go to state 22


State 10

    3 program: var_declarations . function_blocks main_block
    7 function_blocks: . function_block ';'
    8                | . function_blocks function_block ';'
    9 function_block: . KW_DEF TK_IDENT '(' ')' ':' listofinstructions KW_ENDDEF
   10               | . KW_DEF TK_IDENT '(' ')' ':' listofinstructions KW_RETURN ';' KW_ENDDEF
   22 var_declarations: var_declarations . var_declaration ';'
   23 var_declaration: . TK_IDENT ':' data_type

    TK_IDENT  shift, and go to state 1
    KW_DEF    shift, and go to state 23

    function_blocks  go to state 24
    function_block   go to state 7
    var_declaration  go to state 25


State 11

   21 var_declarations: var_declaration . ';'

    ';'  shift, and go to state 26


State 12

   23 var_declaration: TK_IDENT ':' . data_type
   24 data_type: . KW_INTEGER
   25          | . KW_SCALAR
   26          | . KW_STR
   27          | . KW_BOOLEAN

    KW_INTEGER  shift, and go to state 27
    KW_SCALAR   shift, and go to state 28
    KW_STR      shift, and go to state 29
    KW_BOOLEAN  shift, and go to state 30

    data_type  go to state 31


State 13

    9 function_block: KW_DEF TK_IDENT . '(' ')' ':' listofinstructions KW_ENDDEF
   10               | KW_DEF TK_IDENT . '(' ')' ':' listofinstructions KW_RETURN ';' KW_ENDDEF

    '('  shift, and go to state 32


State 14

    5 main_block: KW_DEF KW_MAIN . '(' ')' ':' KW_ENDDEF ';'
    6           | KW_DEF KW_MAIN . '(' ')' ':' listofinstructions KW_ENDDEF ';'

    '('  shift, and go to state 33


State 15

   16 const_declaration: KW_CONST TK_IDENT . '=' TK_CONSTFLOAT ':' KW_SCALAR
   17                  | KW_CONST TK_IDENT . '=' TK_CONSTINT ':' KW_INTEGER
   18                  | KW_CONST TK_IDENT . '=' TK_CONSTSTR ':' KW_STR
   19                  | KW_CONST TK_IDENT . '=' KW_TRUE ':' KW_BOOLEAN
   20                  | KW_CONST TK_IDENT . '=' KW_FALSE ':' KW_BOOLEAN

    '='  shift, and go to state 34


State 16

    0 $accept: program $end .

    $default  accept


State 17

    2 program: function_blocks main_block .

    $default  reduce using rule 2 (program)


State 18

    8 function_blocks: function_blocks function_block . ';'

    ';'  shift, and go to state 35


State 19

    7 function_blocks: function_block ';' .

    $default  reduce using rule 7 (function_blocks)


State 20

   15 const_declarations: const_declarations const_declaration . ';'

    ';'  shift, and go to state 36


State 21

    4 program: const_declarations var_declarations . function_blocks main_block
    7 function_blocks: . function_block ';'
    8                | . function_blocks function_block ';'
    9 function_block: . KW_DEF TK_IDENT '(' ')' ':' listofinstructions KW_ENDDEF
   10               | . KW_DEF TK_IDENT '(' ')' ':' listofinstructions KW_RETURN ';' KW_ENDDEF
   22 var_declarations: var_declarations . var_declaration ';'
   23 var_declaration: . TK_IDENT ':' data_type

    TK_IDENT  shift, and go to state 1
    KW_DEF    shift, and go to state 23

    function_blocks  go to state 37
    function_block   go to state 7
    var_declaration  go to state 25


State 22

   14 const_declarations: const_declaration ';' .

    $default  reduce using rule 14 (const_declarations)


State 23

    9 function_block: KW_DEF . TK_IDENT '(' ')' ':' listofinstructions KW_ENDDEF
   10               | KW_DEF . TK_IDENT '(' ')' ':' listofinstructions KW_RETURN ';' KW_ENDDEF

    TK_IDENT  shift, and go to state 13


State 24

    3 program: var_declarations function_blocks . main_block
    5 main_block: . KW_DEF KW_MAIN '(' ')' ':' KW_ENDDEF ';'
    6           | . KW_DEF KW_MAIN '(' ')' ':' listofinstructions KW_ENDDEF ';'
    8 function_blocks: function_blocks . function_block ';'
    9 function_block: . KW_DEF TK_IDENT '(' ')' ':' listofinstructions KW_ENDDEF
   10               | . KW_DEF TK_IDENT '(' ')' ':' listofinstructions KW_RETURN ';' KW_ENDDEF

    KW_DEF  shift, and go to state 2

    main_block      go to state 38
    function_block  go to state 18


State 25

   22 var_declarations: var_declarations var_declaration . ';'

    ';'  shift, and go to state 39


State 26

   21 var_declarations: var_declaration ';' .

    $default  reduce using rule 21 (var_declarations)


State 27

   24 data_type: KW_INTEGER .

    $default  reduce using rule 24 (data_type)


State 28

   25 data_type: KW_SCALAR .

    $default  reduce using rule 25 (data_type)


State 29

   26 data_type: KW_STR .

    $default  reduce using rule 26 (data_type)


State 30

   27 data_type: KW_BOOLEAN .

    $default  reduce using rule 27 (data_type)


State 31

   23 var_declaration: TK_IDENT ':' data_type .

    $default  reduce using rule 23 (var_declaration)


State 32

    9 function_block: KW_DEF TK_IDENT '(' . ')' ':' listofinstructions KW_ENDDEF
   10               | KW_DEF TK_IDENT '(' . ')' ':' listofinstructions KW_RETURN ';' KW_ENDDEF

    ')'  shift, and go to state 40


State 33

    5 main_block: KW_DEF KW_MAIN '(' . ')' ':' KW_ENDDEF ';'
    6           | KW_DEF KW_MAIN '(' . ')' ':' listofinstructions KW_ENDDEF ';'

    ')'  shift, and go to state 41


State 34

   16 const_declaration: KW_CONST TK_IDENT '=' . TK_CONSTFLOAT ':' KW_SCALAR
   17                  | KW_CONST TK_IDENT '=' . TK_CONSTINT ':' KW_INTEGER
   18                  | KW_CONST TK_IDENT '=' . TK_CONSTSTR ':' KW_STR
   19                  | KW_CONST TK_IDENT '=' . KW_TRUE ':' KW_BOOLEAN
   20                  | KW_CONST TK_IDENT '=' . KW_FALSE ':' KW_BOOLEAN

    TK_CONSTINT    shift, and go to state 42
    TK_CONSTFLOAT  shift, and go to state 43
    TK_CONSTSTR    shift, and go to state 44
    KW_TRUE        shift, and go to state 45
    KW_FALSE       shift, and go to state 46


State 35

    8 function_blocks: function_blocks function_block ';' .

    $default  reduce using rule 8 (function_blocks)


State 36

   15 const_declarations: const_declarations const_declaration ';' .

    $default  reduce using rule 15 (const_declarations)


State 37

    4 program: const_declarations var_declarations function_blocks . main_block
    5 main_block: . KW_DEF KW_MAIN '(' ')' ':' KW_ENDDEF ';'
    6           | . KW_DEF KW_MAIN '(' ')' ':' listofinstructions KW_ENDDEF ';'
    8 function_blocks: function_blocks . function_block ';'
    9 function_block: . KW_DEF TK_IDENT '(' ')' ':' listofinstructions KW_ENDDEF
   10               | . KW_DEF TK_IDENT '(' ')' ':' listofinstructions KW_RETURN ';' KW_ENDDEF

    KW_DEF  shift, and go to state 2

    main_block      go to state 47
    function_block  go to state 18


State 38

    3 program: var_declarations function_blocks main_block .

    $default  reduce using rule 3 (program)


State 39

   22 var_declarations: var_declarations var_declaration ';' .

    $default  reduce using rule 22 (var_declarations)


State 40

    9 function_block: KW_DEF TK_IDENT '(' ')' . ':' listofinstructions KW_ENDDEF
   10               | KW_DEF TK_IDENT '(' ')' . ':' listofinstructions KW_RETURN ';' KW_ENDDEF

    ':'  shift, and go to state 48


State 41

    5 main_block: KW_DEF KW_MAIN '(' ')' . ':' KW_ENDDEF ';'
    6           | KW_DEF KW_MAIN '(' ')' . ':' listofinstructions KW_ENDDEF ';'

    ':'  shift, and go to state 49


State 42

   17 const_declaration: KW_CONST TK_IDENT '=' TK_CONSTINT . ':' KW_INTEGER

    ':'  shift, and go to state 50


State 43

   16 const_declaration: KW_CONST TK_IDENT '=' TK_CONSTFLOAT . ':' KW_SCALAR

    ':'  shift, and go to state 51


State 44

   18 const_declaration: KW_CONST TK_IDENT '=' TK_CONSTSTR . ':' KW_STR

    ':'  shift, and go to state 52


State 45

   19 const_declaration: KW_CONST TK_IDENT '=' KW_TRUE . ':' KW_BOOLEAN

    ':'  shift, and go to state 53


State 46

   20 const_declaration: KW_CONST TK_IDENT '=' KW_FALSE . ':' KW_BOOLEAN

    ':'  shift, and go to state 54


State 47

    4 program: const_declarations var_declarations function_blocks main_block .

    $default  reduce using rule 4 (program)


State 48

    9 function_block: KW_DEF TK_IDENT '(' ')' ':' . listofinstructions KW_ENDDEF
   10               | KW_DEF TK_IDENT '(' ')' ':' . listofinstructions KW_RETURN ';' KW_ENDDEF
   11 listofinstructions: . instruction ';'
   12                   | . listofinstructions instruction ';'
   13 instruction: . TK_IDENT '=' TK_CONSTINT

    TK_IDENT  shift, and go to state 55

    listofinstructions  go to state 56
    instruction         go to state 57


State 49

    5 main_block: KW_DEF KW_MAIN '(' ')' ':' . KW_ENDDEF ';'
    6           | KW_DEF KW_MAIN '(' ')' ':' . listofinstructions KW_ENDDEF ';'
   11 listofinstructions: . instruction ';'
   12                   | . listofinstructions instruction ';'
   13 instruction: . TK_IDENT '=' TK_CONSTINT

    TK_IDENT   shift, and go to state 55
    KW_ENDDEF  shift, and go to state 58

    listofinstructions  go to state 59
    instruction         go to state 57


State 50

   17 const_declaration: KW_CONST TK_IDENT '=' TK_CONSTINT ':' . KW_INTEGER

    KW_INTEGER  shift, and go to state 60


State 51

   16 const_declaration: KW_CONST TK_IDENT '=' TK_CONSTFLOAT ':' . KW_SCALAR

    KW_SCALAR  shift, and go to state 61


State 52

   18 const_declaration: KW_CONST TK_IDENT '=' TK_CONSTSTR ':' . KW_STR

    KW_STR  shift, and go to state 62


State 53

   19 const_declaration: KW_CONST TK_IDENT '=' KW_TRUE ':' . KW_BOOLEAN

    KW_BOOLEAN  shift, and go to state 63


State 54

   20 const_declaration: KW_CONST TK_IDENT '=' KW_FALSE ':' . KW_BOOLEAN

    KW_BOOLEAN  shift, and go to state 64


State 55

   13 instruction: TK_IDENT . '=' TK_CONSTINT

    '='  shift, and go to state 65


State 56

    9 function_block: KW_DEF TK_IDENT '(' ')' ':' listofinstructions . KW_ENDDEF
   10               | KW_DEF TK_IDENT '(' ')' ':' listofinstructions . KW_RETURN ';' KW_ENDDEF
   12 listofinstructions: listofinstructions . instruction ';'
   13 instruction: . TK_IDENT '=' TK_CONSTINT

    TK_IDENT   shift, and go to state 55
    KW_ENDDEF  shift, and go to state 66
    KW_RETURN  shift, and go to state 67

    instruction  go to state 68


State 57

   11 listofinstructions: instruction . ';'

    ';'  shift, and go to state 69


State 58

    5 main_block: KW_DEF KW_MAIN '(' ')' ':' KW_ENDDEF . ';'

    ';'  shift, and go to state 70


State 59

    6 main_block: KW_DEF KW_MAIN '(' ')' ':' listofinstructions . KW_ENDDEF ';'
   12 listofinstructions: listofinstructions . instruction ';'
   13 instruction: . TK_IDENT '=' TK_CONSTINT

    TK_IDENT   shift, and go to state 55
    KW_ENDDEF  shift, and go to state 71

    instruction  go to state 68


State 60

   17 const_declaration: KW_CONST TK_IDENT '=' TK_CONSTINT ':' KW_INTEGER .

    $default  reduce using rule 17 (const_declaration)


State 61

   16 const_declaration: KW_CONST TK_IDENT '=' TK_CONSTFLOAT ':' KW_SCALAR .

    $default  reduce using rule 16 (const_declaration)


State 62

   18 const_declaration: KW_CONST TK_IDENT '=' TK_CONSTSTR ':' KW_STR .

    $default  reduce using rule 18 (const_declaration)


State 63

   19 const_declaration: KW_CONST TK_IDENT '=' KW_TRUE ':' KW_BOOLEAN .

    $default  reduce using rule 19 (const_declaration)


State 64

   20 const_declaration: KW_CONST TK_IDENT '=' KW_FALSE ':' KW_BOOLEAN .

    $default  reduce using rule 20 (const_declaration)


State 65

   13 instruction: TK_IDENT '=' . TK_CONSTINT

    TK_CONSTINT  shift, and go to state 72


State 66

    9 function_block: KW_DEF TK_IDENT '(' ')' ':' listofinstructions KW_ENDDEF .

    $default  reduce using rule 9 (function_block)


State 67

   10 function_block: KW_DEF TK_IDENT '(' ')' ':' listofinstructions KW_RETURN . ';' KW_ENDDEF

    ';'  shift, and go to state 73


State 68

   12 listofinstructions: listofinstructions instruction . ';'

    ';'  shift, and go to state 74


State 69

   11 listofinstructions: instruction ';' .

    $default  reduce using rule 11 (listofinstructions)


State 70

    5 main_block: KW_DEF KW_MAIN '(' ')' ':' KW_ENDDEF ';' .

    $default  reduce using rule 5 (main_block)


State 71

    6 main_block: KW_DEF KW_MAIN '(' ')' ':' listofinstructions KW_ENDDEF . ';'

    ';'  shift, and go to state 75


State 72

   13 instruction: TK_IDENT '=' TK_CONSTINT .

    $default  reduce using rule 13 (instruction)


State 73

   10 function_block: KW_DEF TK_IDENT '(' ')' ':' listofinstructions KW_RETURN ';' . KW_ENDDEF

    KW_ENDDEF  shift, and go to state 76


State 74

   12 listofinstructions: listofinstructions instruction ';' .

    $default  reduce using rule 12 (listofinstructions)


State 75

    6 main_block: KW_DEF KW_MAIN '(' ')' ':' listofinstructions KW_ENDDEF ';' .

    $default  reduce using rule 6 (main_block)


State 76

   10 function_block: KW_DEF TK_IDENT '(' ')' ':' listofinstructions KW_RETURN ';' KW_ENDDEF .

    $default  reduce using rule 10 (function_block)
